# ------------------------------------------- // Audio/Video
# com.spotify.Client                           # Spotify
# org.kde.kdenlive                             # Kdenlive
com.obsproject.Studio                          # Obs
com.github.rafostar.Clapper                    # Clapper
com.github.unrud.VideoDownloader               # VideoDownloader
net.base_art.Glide

# ------------------------------------------- // System
com.github.tchx84.Flatseal                     # Flatseal
io.github.flattool.Warehouse                   # Warehouse
org.gnome.Boxes                                # Boxes
io.missioncenter.MissionCenter                 # MissionCenter
io.gitlab.adhami3310.Impression                # Impression
# com.usebottles.bottles                       # Bottles
# io.github.dimtpap.coppwr                     # Coppwr
net.nokyan.Resources
com.mattjakeman.ExtensionManager

# ------------------------------------------- // Browser
# com.brave.Browser                              # Brave
# org.torproject.torbrowser-launcher             # Tor
org.mozilla.firefox                              # Firefox
com.microsoft.Edge                               # Microsoft Edge
com.google.Chrome                                # Google Chrome

# ------------------------------------------- // Social
org.telegram.desktop
# org.signal.Signal                            # Signal
com.discordapp.Discord                         # Discord
# dev.vencord.Vesktop                          # Vesktop
# io.github.spacingbat3.webcord                # Webcord

# ------------------------------------------- // Productivity
md.obsidian.Obsidian                         # Obsidian
org.mozilla.Thunderbird                      # Thunderbird
# io.github.alainm23.planify                   # Planify

# ------------------------------------------- // Image/Graphics
org.inkscape.Inkscape                          # Inkscape
org.kde.krita                                  # Krita
org.gimp.GIMP                                  # Gimp
org.blender.Blender                            # Blender
io.gitlab.theevilskeleton.Upscaler             # ImageUpscaler

# ------------------------------------------- // Photography
# org.gnome.Shotwell                           # Shotwell
# org.darktable.Darktable                      # Darktable
# org.kde.digikam                              # Digikam
org.gnome.eog                                  # ImageViewer
com.icons8.Lunacy
org.audacityteam.Audacity
org.gimp.GIMP
org.kde.krita
org.kde.kdenlive
org.inkscape.Inkscape
org.freecadweb.FreeCAD


# ------------------------------------------- // Gaming
# hu.kramo.Cartridges                          # Cartridges
# com.github.Matoking.protontricks             # ProtonTricks
# net.davidotek.pupgui2                        # ProtonUp
org.gnome.Chess

# ------------------------------------------- // Development
com.visualstudio.code
com.getpostman.Postman
rest.insomnia.Insomnia
io.dbeaver.DBeaverCommunity
io.beekeeperstudio.Studio

com.slack.Slack

org.qbittorrent.qBittorrent
com.github.zadam.trilium

org.libreoffice.LibreOffice

com.obsproject.Studio


org.gnome.font-viewer
org.gnome.Calculator
fr.romainvigier.MetadataCleaner
org.filezillaproject.Filezilla
org.gnome.Photos
com.jgraph.drawio.desktop
org.gnome.Loupe
org.gnome.Connections
